# JRE version: Java(TM) SE Runtime Environment (7.0_51-b13) (build 1.7.0_51-b13)
# Java VM: Java HotSpot(TM) 64-Bit Server VM (24.51-b03 mixed mode bsd-amd64 compressed oops)
Heap
 PSYoungGen      total 36352K, used 4052K [0x00000007eaa80000, 0x00000007ed080000, 0x0000000800000000)
  eden space 33792K, 4% used [0x00000007eaa80000,0x00000007eabfc5a8,0x00000007ecb80000)
  from space 2560K, 98% used [0x00000007ece00000,0x00000007ed078b30,0x00000007ed080000)
  to   space 2560K, 0% used [0x00000007ecb80000,0x00000007ecb80000,0x00000007ece00000)
 ParOldGen       total 43520K, used 6651K [0x00000007c0000000, 0x00000007c2a80000, 0x00000007eaa80000)
  object space 43520K, 15% used [0x00000007c0000000,0x00000007c067ee48,0x00000007c2a80000)
 PSPermGen       total 21504K, used 16122K [0x00000007bae00000, 0x00000007bc300000, 0x00000007c0000000)
  object space 21504K, 74% used [0x00000007bae00000,0x00000007bbdbe820,0x00000007bc300000)
GC Heap History (8 events):
Event: 3.789 GC heap before
{Heap before GC invocations=1 (full 0):
 PSYoungGen      total 19456K, used 16896K [0x00000007eaa80000, 0x00000007ec000000, 0x0000000800000000)
  eden space 16896K, 100% used [0x00000007eaa80000,0x00000007ebb00000,0x00000007ebb00000)
  from space 2560K, 0% used [0x00000007ebd80000,0x00000007ebd80000,0x00000007ec000000)
  to   space 2560K, 0% used [0x00000007ebb00000,0x00000007ebb00000,0x00000007ebd80000)
 ParOldGen       total 43520K, used 0K [0x00000007c0000000, 0x00000007c2a80000, 0x00000007eaa80000)
  object space 43520K, 0% used [0x00000007c0000000,0x00000007c0000000,0x00000007c2a80000)
 PSPermGen       total 21504K, used 13832K [0x00000007bae00000, 0x00000007bc300000, 0x00000007c0000000)
  object space 21504K, 64% used [0x00000007bae00000,0x00000007bbb822b0,0x00000007bc300000)
Event: 3.799 GC heap after
Heap after GC invocations=1 (full 0):
 PSYoungGen      total 19456K, used 2528K [0x00000007eaa80000, 0x00000007ec000000, 0x0000000800000000)
  eden space 16896K, 0% used [0x00000007eaa80000,0x00000007eaa80000,0x00000007ebb00000)
  from space 2560K, 98% used [0x00000007ebb00000,0x00000007ebd78030,0x00000007ebd80000)
  to   space 2560K, 0% used [0x00000007ebd80000,0x00000007ebd80000,0x00000007ec000000)
 ParOldGen       total 43520K, used 2466K [0x00000007c0000000, 0x00000007c2a80000, 0x00000007eaa80000)
  object space 43520K, 5% used [0x00000007c0000000,0x00000007c0268b18,0x00000007c2a80000)
 PSPermGen       total 21504K, used 13832K [0x00000007bae00000, 0x00000007bc300000, 0x00000007c0000000)
  object space 21504K, 64% used [0x00000007bae00000,0x00000007bbb822b0,0x00000007bc300000)
}
Event: 4.385 GC heap before
{Heap before GC invocations=2 (full 0):
 PSYoungGen      total 19456K, used 19424K [0x00000007eaa80000, 0x00000007ec000000, 0x0000000800000000)
  eden space 16896K, 100% used [0x00000007eaa80000,0x00000007ebb00000,0x00000007ebb00000)
  from space 2560K, 98% used [0x00000007ebb00000,0x00000007ebd78030,0x00000007ebd80000)
  to   space 2560K, 0% used [0x00000007ebd80000,0x00000007ebd80000,0x00000007ec000000)
 ParOldGen       total 43520K, used 2466K [0x00000007c0000000, 0x00000007c2a80000, 0x00000007eaa80000)
  object space 43520K, 5% used [0x00000007c0000000,0x00000007c0268b18,0x00000007c2a80000)
 PSPermGen       total 21504K, used 16049K [0x00000007bae00000, 0x00000007bc300000, 0x00000007c0000000)
  object space 21504K, 74% used [0x00000007bae00000,0x00000007bbdac418,0x00000007bc300000)
Event: 4.396 GC heap after
Heap after GC invocations=2 (full 0):
 PSYoungGen      total 19456K, used 2541K [0x00000007eaa80000, 0x00000007ec000000, 0x0000000800000000)
  eden space 16896K, 0% used [0x00000007eaa80000,0x00000007eaa80000,0x00000007ebb00000)
  from space 2560K, 99% used [0x00000007ebd80000,0x00000007ebffb7c0,0x00000007ec000000)
  to   space 2560K, 0% used [0x00000007ebb00000,0x00000007ebb00000,0x00000007ebd80000)
 ParOldGen       total 43520K, used 6227K [0x00000007c0000000, 0x00000007c2a80000, 0x00000007eaa80000)
  object space 43520K, 14% used [0x00000007c0000000,0x00000007c0614e48,0x00000007c2a80000)
 PSPermGen       total 21504K, used 16049K [0x00000007bae00000, 0x00000007bc300000, 0x00000007c0000000)
  object space 21504K, 74% used [0x00000007bae00000,0x00000007bbdac418,0x00000007bc300000)
}
Event: 4.634 GC heap before
{Heap before GC invocations=3 (full 0):
 PSYoungGen      total 19456K, used 19437K [0x00000007eaa80000, 0x00000007ec000000, 0x0000000800000000)
  eden space 16896K, 100% used [0x00000007eaa80000,0x00000007ebb00000,0x00000007ebb00000)
  from space 2560K, 99% used [0x00000007ebd80000,0x00000007ebffb7c0,0x00000007ec000000)
  to   space 2560K, 0% used [0x00000007ebb00000,0x00000007ebb00000,0x00000007ebd80000)
 ParOldGen       total 43520K, used 6227K [0x00000007c0000000, 0x00000007c2a80000, 0x00000007eaa80000)
  object space 43520K, 14% used [0x00000007c0000000,0x00000007c0614e48,0x00000007c2a80000)
 PSPermGen       total 21504K, used 16068K [0x00000007bae00000, 0x00000007bc300000, 0x00000007c0000000)
  object space 21504K, 74% used [0x00000007bae00000,0x00000007bbdb1368,0x00000007bc300000)
Event: 4.639 GC heap after
Heap after GC invocations=3 (full 0):
 PSYoungGen      total 19456K, used 2514K [0x00000007eaa80000, 0x00000007ed080000, 0x0000000800000000)
  eden space 16896K, 0% used [0x00000007eaa80000,0x00000007eaa80000,0x00000007ebb00000)
  from space 2560K, 98% used [0x00000007ebb00000,0x00000007ebd74b00,0x00000007ebd80000)
  to   space 2560K, 0% used [0x00000007ece00000,0x00000007ece00000,0x00000007ed080000)
 ParOldGen       total 43520K, used 6227K [0x00000007c0000000, 0x00000007c2a80000, 0x00000007eaa80000)
  object space 43520K, 14% used [0x00000007c0000000,0x00000007c0614e48,0x00000007c2a80000)
 PSPermGen       total 21504K, used 16068K [0x00000007bae00000, 0x00000007bc300000, 0x00000007c0000000)
  object space 21504K, 74% used [0x00000007bae00000,0x00000007bbdb1368,0x00000007bc300000)
}
Event: 5.050 GC heap before
{Heap before GC invocations=4 (full 0):
 PSYoungGen      total 19456K, used 19410K [0x00000007eaa80000, 0x00000007ed080000, 0x0000000800000000)
  eden space 16896K, 100% used [0x00000007eaa80000,0x00000007ebb00000,0x00000007ebb00000)
  from space 2560K, 98% used [0x00000007ebb00000,0x00000007ebd74b00,0x00000007ebd80000)
  to   space 2560K, 0% used [0x00000007ece00000,0x00000007ece00000,0x00000007ed080000)
 ParOldGen       total 43520K, used 6227K [0x00000007c0000000, 0x00000007c2a80000, 0x00000007eaa80000)
  object space 43520K, 14% used [0x00000007c0000000,0x00000007c0614e48,0x00000007c2a80000)
 PSPermGen       total 21504K, used 16111K [0x00000007bae00000, 0x00000007bc300000, 0x00000007c0000000)
  object space 21504K, 74% used [0x00000007bae00000,0x00000007bbdbbcc0,0x00000007bc300000)
Event: 5.057 GC heap after
Heap after GC invocations=4 (full 0):
 PSYoungGen      total 36352K, used 2530K [0x00000007eaa80000, 0x00000007ed080000, 0x0000000800000000)
  eden space 33792K, 0% used [0x00000007eaa80000,0x00000007eaa80000,0x00000007ecb80000)
  from space 2560K, 98% used [0x00000007ece00000,0x00000007ed078b30,0x00000007ed080000)
  to   space 2560K, 0% used [0x00000007ecb80000,0x00000007ecb80000,0x00000007ece00000)
 ParOldGen       total 43520K, used 6651K [0x00000007c0000000, 0x00000007c2a80000, 0x00000007eaa80000)
  object space 43520K, 15% used [0x00000007c0000000,0x00000007c067ee48,0x00000007c2a80000)
 PSPermGen       total 21504K, used 16111K [0x00000007bae00000, 0x00000007bc300000, 0x00000007c0000000)
  object space 21504K, 74% used [0x00000007bae00000,0x00000007bbdbbcc0,0x00000007bc300000)
}

